<?xml version="1.0" encoding="UTF-8"?>
<!-- Generated by org.testng.reporters.JUnitReportReporter -->
<testsuite hostname="DESKTOP-N6EDJQ3" failures="0" tests="1" name="practice.T1" time="8.255" errors="0" timestamp="2022-08-25T16:12:46 IST" skipped="0">
  <testcase classname="practice.T1" name="Tc003" time="8.255"/>
  <system-out/>
</testsuite> <!-- practice.T1 -->
