<?xml version="1.0" encoding="UTF-8"?>
<!-- Generated by org.testng.reporters.JUnitReportReporter -->
<testsuite hostname="DESKTOP-N6EDJQ3" failures="0" tests="1" name="practice.Cap_screenshot" time="7.387" errors="0" timestamp="2022-08-23T20:29:10 IST" skipped="0">
  <testcase classname="practice.Cap_screenshot" name="tc001" time="7.387"/>
  <system-out/>
</testsuite> <!-- practice.Cap_screenshot -->
