<?xml version="1.0" encoding="UTF-8"?>
<!-- Generated by org.testng.reporters.JUnitReportReporter -->
<testsuite hostname="DESKTOP-N6EDJQ3" failures="0" tests="1" name="practice.P1" time="12.675" errors="0" timestamp="2022-08-23T20:07:08 IST" skipped="0">
  <testcase classname="practice.P1" name="tc001" time="12.675"/>
  <system-out/>
</testsuite> <!-- practice.P1 -->
